[2025-08-21 00:16:08] INFO: GUI ready
[2025-08-21 00:47:17] INFO: GUI ready
[2025-08-21 00:49:13] INFO: Preset saved: default
[2025-08-21 00:49:30] INFO: Loaded 416 USDT markets
[2025-08-21 00:49:45] INFO: Applied 3 symbols
[2025-08-21 00:49:48] INFO: Applied 3 symbols
[2025-08-21 00:49:57] INFO: Trading loop started
[2025-08-21 00:50:26] INFO: AI training started
[2025-08-21 00:53:27] INFO: AI training started
[2025-08-21 00:53:49] INFO: Stopping trading loop…
[2025-08-21 00:53:49] INFO: Trading loop stopped
[2025-08-21 00:54:33] INFO: Stopping trading loop…
[2025-08-21 01:10:14] INFO: GUI ready
[2025-08-21 01:12:44] INFO: Stopping trading loop…
[2025-08-21 10:54:01] INFO: GUI ready
[2025-08-21 10:54:17] ERROR: Load keys error: 
[2025-08-21 10:54:39] INFO: Preset saved: default
[2025-08-21 10:54:48] INFO: Preset saved: default
[2025-08-21 10:55:06] INFO: Loaded 416 USDT markets
[2025-08-21 10:55:08] INFO: Applied 3 symbols
[2025-08-21 10:55:16] INFO: Trading loop started
[2025-08-21 10:55:17] ERROR: Worker error: AIManager.predict_series() got an unexpected keyword argument 'feature_cols'
[2025-08-21 10:56:17] ERROR: Worker error: AIManager.predict_series() got an unexpected keyword argument 'feature_cols'
[2025-08-21 10:56:55] INFO: Stopping trading loop…
[2025-08-21 10:56:55] INFO: Trading loop stopped
[2025-08-21 11:17:11] INFO: Stopping trading loop…
[2025-08-21 11:17:41] INFO: GUI ready
[2025-08-21 11:18:05] INFO: Preset saved: default
[2025-08-21 11:18:26] INFO: Loaded 416 USDT markets
[2025-08-21 11:18:28] INFO: Trading loop started
[2025-08-21 11:24:12] INFO: Stopping trading loop…
[2025-08-21 11:24:12] INFO: Trading loop stopped
[2025-08-21 11:24:15] INFO: Stopping trading loop…
[2025-08-21 11:24:30] INFO: GUI ready
[2025-08-21 11:25:19] INFO: Loaded 416 USDT markets
[2025-08-21 11:25:29] INFO: Applied 3 symbols
[2025-08-21 14:26:22] INFO: Preset saved: default
[2025-08-21 14:26:23] INFO: Stopping trading loop…
[2025-08-21 14:26:42] INFO: GUI ready
[2025-08-21 14:26:55] ERROR: Apply settings error: cannot assign to field 'ensemble_weights'
[2025-08-21 14:26:56] INFO: Preset loaded: default
[2025-08-21 14:26:58] ERROR: Apply settings error: cannot assign to field 'ensemble_weights'
[2025-08-21 14:27:02] INFO: Preset loaded: default
[2025-08-21 15:00:33] INFO: Stopping trading loop…
[2025-08-21 18:42:01] INFO: GUI ready
[2025-08-21 19:03:44] INFO: GUI ready
[2025-08-21 19:03:53] ERROR: Apply preset error: getboolean() argument must be str, not dict
[2025-08-21 19:03:55] ERROR: Apply preset error: getboolean() argument must be str, not dict
[2025-08-21 19:04:27] INFO: Saved encrypted keys
[2025-08-21 19:04:45] INFO: Symbols populated (416)
[2025-08-21 19:04:44] INFO: Loaded 416 USDT markets
[2025-08-21 19:05:07] INFO: Preset saved: default.json
[2025-08-21 19:05:18] INFO: Worker started
[2025-08-21 19:05:20] INFO: Auto-picked: DOGE/USDT, FDUSD/USDT, ETH/USDT
[2025-08-21 19:05:22] INFO: DOGE/USDT price: 0.21798
[2025-08-21 19:05:22] ERROR: AI training error (lstm): 'NoneType' object is not callable
[2025-08-21 19:05:23] INFO: FDUSD/USDT price: 0.9975
[2025-08-21 19:05:23] ERROR: AI training error (gru): 'NoneType' object is not callable
[2025-08-21 19:05:23] INFO: ETH/USDT price: 4268.88
[2025-08-21 19:05:23] ERROR: AI training error (mlp): 'NoneType' object is not callable
[2025-08-21 19:05:23] ERROR: AI training error (transformer): 'NoneType' object is not callable
[2025-08-21 19:05:23] ERROR: AI training error (lstm_transformer): 'NoneType' object is not callable
[2025-08-21 19:05:23] ERROR: AI training error (lightgbm): 'NoneType' object is not callable
[2025-08-21 19:05:23] ERROR: AI training error (xgboost): 'NoneType' object is not callable
[2025-08-21 19:05:23] ERROR: AI training error (svr): 'NoneType' object is not callable
[2025-08-21 19:05:23] ERROR: AI training error (random_forest): 'NoneType' object is not callable
[2025-08-21 19:05:23] WARNING: AI training finished; no valid model.
[2025-08-21 19:05:30] INFO: DOGE/USDT price: 0.21788
[2025-08-21 19:05:30] INFO: FDUSD/USDT price: 0.9974
[2025-08-21 19:05:30] INFO: ETH/USDT price: 4267.15
[2025-08-21 19:05:36] INFO: DOGE/USDT price: 0.21788
[2025-08-21 19:05:36] INFO: FDUSD/USDT price: 0.9974
[2025-08-21 19:05:36] INFO: ETH/USDT price: 4267.15
[2025-08-21 19:05:42] ERROR: AI training error (lstm): 'NoneType' object is not callable
[2025-08-21 19:05:42] ERROR: AI training error (gru): 'NoneType' object is not callable
[2025-08-21 19:05:42] ERROR: AI training error (mlp): 'NoneType' object is not callable
[2025-08-21 19:05:42] ERROR: AI training error (transformer): 'NoneType' object is not callable
[2025-08-21 19:05:42] ERROR: AI training error (lstm_transformer): 'NoneType' object is not callable
[2025-08-21 19:05:42] ERROR: AI training error (lightgbm): 'NoneType' object is not callable
[2025-08-21 19:05:42] ERROR: AI training error (xgboost): 'NoneType' object is not callable
[2025-08-21 19:05:42] ERROR: AI training error (svr): 'NoneType' object is not callable
[2025-08-21 19:05:42] ERROR: AI training error (random_forest): 'NoneType' object is not callable
[2025-08-21 19:05:42] WARNING: AI training finished; no valid model.
[2025-08-21 19:05:43] INFO: DOGE/USDT price: 0.21792
[2025-08-21 19:05:43] INFO: FDUSD/USDT price: 0.9974
[2025-08-21 19:05:43] INFO: ETH/USDT price: 4267.8
[2025-08-21 19:05:50] INFO: DOGE/USDT price: 0.21792
[2025-08-21 19:05:50] INFO: FDUSD/USDT price: 0.9974
[2025-08-21 19:05:50] INFO: ETH/USDT price: 4267.79
[2025-08-21 19:05:51] INFO: Stop requested
[2025-08-21 19:05:57] INFO: Stop requested
[2025-08-21 19:05:57] INFO: Worker ended
[2025-08-21 21:56:27] ERROR: Preset list error: 'ConfigManager' object has no attribute 'list_presets'
[2025-08-21 21:56:28] INFO: GUI ready
[2025-08-21 21:57:21] ERROR: Preset list error: 'ConfigManager' object has no attribute 'list_presets'
[2025-08-21 21:57:21] INFO: GUI ready
[2025-08-21 22:14:30] ERROR: Preset list error: 'ConfigManager' object has no attribute 'list_presets'
[2025-08-21 22:14:30] INFO: GUI ready
[2025-08-23 20:27:45] ERROR: Preset list error: 'ConfigManager' object has no attribute 'list_presets'
[2025-08-23 20:27:45] INFO: GUI ready
[2025-08-23 20:28:44] ERROR: Load keys error: 'SecurityManager' object has no attribute 'load'
[2025-08-23 20:28:53] ERROR: Load keys error: 'SecurityManager' object has no attribute 'load'
[2025-08-23 20:29:41] ERROR: Save keys error: 'SecurityManager' object has no attribute 'save'
[2025-08-23 20:30:55] INFO: Loading markets...
[2025-08-23 20:31:03] ERROR: Market load error: binance {"code":-2008,"msg":"Invalid Api-Key ID."}
[2025-08-23 20:31:30] ERROR: Save keys error: 'SecurityManager' object has no attribute 'save'
[2025-08-23 20:31:45] INFO: Report exported: C:\Users\kamil\Desktop\KryptoŁowca\report_20250823_203145.pdf
[2025-08-23 20:39:05] ERROR: Preset list error: 'ConfigManager' object has no attribute 'list_presets'
[2025-08-23 20:39:05] INFO: GUI ready
[2025-08-23 20:39:17] ERROR: Load keys error: Failed to load keys: You must specify a region.
[2025-08-23 20:39:26] ERROR: Save keys error: Failed to save keys: You must specify a region.
[2025-08-23 20:55:39] ERROR: Preset list error: 'ConfigManager' object has no attribute 'list_presets'
[2025-08-23 20:55:39] INFO: GUI ready
[2025-08-23 20:55:56] ERROR: Load keys error: Invalid password or corrupted key file
[2025-08-23 20:56:03] ERROR: Load keys error: Invalid password or corrupted key file
[2025-08-23 20:56:36] INFO: Saved encrypted keys
[2025-08-23 20:56:46] ERROR: Preset list error: 'ConfigManager' object has no attribute 'list_presets'
[2025-08-23 20:56:46] INFO: GUI ready
[2025-08-23 20:56:53] INFO: Loaded encrypted keys
[2025-08-23 21:45:52] ERROR: Preset list error: 'ConfigManager' object has no attribute 'list_presets'
[2025-08-23 21:45:52] INFO: GUI ready
[2025-08-23 21:46:04] INFO: Loaded encrypted keys
[2025-08-23 21:46:39] INFO: Loading markets...
[2025-08-23 21:46:47] ERROR: Market load error: binance {"code":-2008,"msg":"Invalid Api-Key ID."}
[2025-08-23 21:47:20] WARNING: Warning: testnet_secret looks invalid (len<32 or bad charset).
[2025-08-23 21:47:20] INFO: Saved encrypted keys
[2025-08-23 21:47:24] INFO: Loading markets...
[2025-08-23 21:47:32] ERROR: Market load error: binance {"code":-2008,"msg":"Invalid Api-Key ID."}
[2025-08-23 22:07:31] ERROR: Preset list error: 'ConfigManager' object has no attribute 'list_presets'
[2025-08-23 22:07:31] INFO: GUI ready
[2025-08-23 22:07:42] INFO: Loaded encrypted keys
[2025-08-23 22:07:49] INFO: Loading markets...
[2025-08-23 22:07:49] ERROR: Market load error: ExchangeManager.__init__() got an unexpected keyword argument 'api_key'
[2025-08-23 22:10:41] ERROR: Preset list error: 'ConfigManager' object has no attribute 'list_presets'
[2025-08-23 22:10:41] INFO: GUI ready
[2025-08-23 22:10:53] INFO: Loaded encrypted keys
[2025-08-23 22:10:54] INFO: Loading markets...
[2025-08-23 22:10:54] ERROR: Market load error: 'ExchangeManager' object has no attribute 'fetch_markets'
[2025-08-23 22:13:03] ERROR: Preset list error: 'ConfigManager' object has no attribute 'list_presets'
[2025-08-23 22:13:03] INFO: GUI ready
[2025-08-23 22:13:12] INFO: Loaded encrypted keys
[2025-08-23 22:13:14] INFO: Loading markets...
[2025-08-23 22:13:14] ERROR: Market load error: 'coroutine' object is not iterable
[2025-08-23 22:17:09] ERROR: Preset list error: 'ConfigManager' object has no attribute 'list_presets'
[2025-08-23 22:17:09] INFO: GUI ready
[2025-08-23 22:17:27] ERROR: Load keys error: Invalid password or corrupted key file
[2025-08-23 22:17:36] INFO: Loaded encrypted keys
[2025-08-23 22:18:06] INFO: Saved encrypted keys
[2025-08-23 22:18:09] INFO: Loading markets...
[2025-08-23 22:18:09] ERROR: Market load error: 'coroutine' object is not iterable
[2025-08-23 22:20:21] ERROR: Preset list error: 'ConfigManager' object has no attribute 'list_presets'
[2025-08-23 22:20:21] INFO: GUI ready
[2025-08-23 22:20:28] INFO: Loaded encrypted keys
[2025-08-23 22:20:30] INFO: Loading markets...
[2025-08-23 22:20:34] INFO: Symbols populated (416)
[2025-08-23 22:20:34] INFO: Loaded 416 USDT markets
[2025-08-23 22:20:52] INFO: Applied 3 symbols
[2025-08-23 22:20:53] INFO: Trading loop started
[2025-08-23 22:20:59] INFO: BTC/USDT price: 115245.8
[2025-08-23 22:20:59] INFO: ETH/USDT price: 4759.35
[2025-08-23 22:20:59] INFO: SOL/USDT price: 203.08
[2025-08-23 22:21:07] INFO: BTC/USDT price: 115240.01
[2025-08-23 22:21:07] INFO: ETH/USDT price: 4759.34
[2025-08-23 22:21:07] INFO: SOL/USDT price: 203.08
[2025-08-23 22:21:10] INFO: BTC/USDT price: 115240.0
[2025-08-23 22:21:10] INFO: ETH/USDT price: 4759.35
[2025-08-23 22:21:10] INFO: SOL/USDT price: 203.04
[2025-08-23 22:21:15] INFO: BTC/USDT price: 115240.01
[2025-08-23 22:21:15] INFO: ETH/USDT price: 4759.68
[2025-08-23 22:21:15] INFO: SOL/USDT price: 203.04
[2025-08-23 22:21:20] INFO: BTC/USDT price: 115240.01
[2025-08-23 22:21:20] INFO: ETH/USDT price: 4759.68
[2025-08-23 22:21:20] INFO: SOL/USDT price: 203.11
[2025-08-23 22:21:26] INFO: BTC/USDT price: 115240.01
[2025-08-23 22:21:26] INFO: ETH/USDT price: 4759.69
[2025-08-23 22:21:26] INFO: SOL/USDT price: 203.11
[2025-08-23 22:21:30] INFO: BTC/USDT price: 115240.0
[2025-08-23 22:21:30] INFO: ETH/USDT price: 4759.69
[2025-08-23 22:21:30] INFO: SOL/USDT price: 203.11
[2025-08-23 22:21:35] INFO: BTC/USDT price: 115240.01
[2025-08-23 22:21:35] INFO: ETH/USDT price: 4759.35
[2025-08-23 22:21:35] INFO: SOL/USDT price: 203.1
[2025-08-23 22:21:40] INFO: BTC/USDT price: 115240.01
[2025-08-23 22:21:40] INFO: ETH/USDT price: 4759.35
[2025-08-23 22:21:40] INFO: SOL/USDT price: 203.1
[2025-08-23 22:21:45] INFO: BTC/USDT price: 115240.0
[2025-08-23 22:21:45] INFO: ETH/USDT price: 4759.35
[2025-08-23 22:21:45] INFO: SOL/USDT price: 203.11
[2025-08-23 22:21:50] INFO: Stop requested
[2025-08-23 22:21:50] INFO: BTC/USDT price: 115240.01
[2025-08-23 22:21:50] INFO: ETH/USDT price: 4759.35
[2025-08-23 22:21:50] INFO: SOL/USDT price: 203.11
[2025-08-23 22:21:52] INFO: Worker ended
[2025-08-27 08:23:26] ERROR: Preset list error: 'ConfigManager' object has no attribute 'list_presets'
[2025-08-27 08:23:26] INFO: GUI ready
[2025-08-27 08:24:02] INFO: Loaded encrypted keys
[2025-08-27 08:24:10] INFO: Loading markets...
[2025-08-27 08:24:24] INFO: Symbols populated (416)
[2025-08-27 08:24:24] INFO: Loaded 416 USDT markets
[2025-08-27 08:24:25] INFO: Loading markets...
[2025-08-27 08:24:25] INFO: Symbols populated (416)
[2025-08-27 08:24:25] INFO: Loaded 416 USDT markets
[2025-08-27 08:24:27] INFO: Applied 3 symbols
[2025-08-27 08:24:29] INFO: Trading loop started
[2025-08-27 08:24:32] INFO: BTC/USDT price: 110691.88
[2025-08-27 08:24:32] INFO: ETH/USDT price: 4571.49
[2025-08-27 08:24:32] INFO: SOL/USDT price: 202.23
[2025-08-27 08:24:37] INFO: BTC/USDT price: 110691.89
[2025-08-27 08:24:37] INFO: ETH/USDT price: 4571.49
[2025-08-27 08:24:37] INFO: SOL/USDT price: 202.23
[2025-08-27 08:24:42] INFO: BTC/USDT price: 110702.83
[2025-08-27 08:24:42] INFO: ETH/USDT price: 4571.23
[2025-08-27 08:24:42] INFO: SOL/USDT price: 202.23
[2025-08-27 08:24:47] INFO: BTC/USDT price: 110708.31
[2025-08-27 08:24:47] INFO: ETH/USDT price: 4571.22
[2025-08-27 08:24:47] INFO: SOL/USDT price: 202.28
[2025-08-27 08:24:52] INFO: BTC/USDT price: 110708.31
[2025-08-27 08:24:52] INFO: ETH/USDT price: 4571.22
[2025-08-27 08:24:52] INFO: SOL/USDT price: 202.28
[2025-08-27 08:24:58] INFO: BTC/USDT price: 110708.31
[2025-08-27 08:24:58] INFO: ETH/USDT price: 4571.23
[2025-08-27 08:24:58] INFO: SOL/USDT price: 202.28
[2025-08-27 08:24:58] ERROR: AI predict error: AIManager.predict_series() got an unexpected keyword argument 'symbol'
[2025-08-27 08:24:58] INFO: AI training started
[2025-08-27 08:24:58] ERROR: AI training failed: AIManager.train_all_models() got an unexpected keyword argument 'symbol'
[2025-08-27 08:24:58] INFO: AI training finished
[2025-08-27 08:25:03] INFO: BTC/USDT price: 110708.3
[2025-08-27 08:25:03] INFO: ETH/USDT price: 4571.23
[2025-08-27 08:25:03] INFO: SOL/USDT price: 202.23
[2025-08-27 08:25:03] ERROR: AI predict error: AIManager.predict_series() got an unexpected keyword argument 'symbol'
[2025-08-27 08:25:07] INFO: BTC/USDT price: 110708.3
[2025-08-27 08:25:07] INFO: ETH/USDT price: 4571.08
[2025-08-27 08:25:07] INFO: SOL/USDT price: 202.23
[2025-08-27 08:25:07] ERROR: AI predict error: AIManager.predict_series() got an unexpected keyword argument 'symbol'
[2025-08-27 08:25:12] INFO: BTC/USDT price: 110708.31
[2025-08-27 08:25:12] INFO: ETH/USDT price: 4571.08
[2025-08-27 08:25:12] INFO: SOL/USDT price: 202.22
[2025-08-27 08:25:12] ERROR: AI predict error: AIManager.predict_series() got an unexpected keyword argument 'symbol'
[2025-08-27 08:25:18] INFO: BTC/USDT price: 110669.96
[2025-08-27 08:25:18] INFO: ETH/USDT price: 4570.51
[2025-08-27 08:25:18] INFO: SOL/USDT price: 202.21
[2025-08-27 08:25:18] ERROR: AI predict error: AIManager.predict_series() got an unexpected keyword argument 'symbol'
[2025-08-27 08:25:22] INFO: BTC/USDT price: 110669.96
[2025-08-27 08:25:22] INFO: ETH/USDT price: 4570.51
[2025-08-27 08:25:22] INFO: SOL/USDT price: 202.21
[2025-08-27 08:25:22] ERROR: AI predict error: AIManager.predict_series() got an unexpected keyword argument 'symbol'
[2025-08-27 08:25:28] INFO: BTC/USDT price: 110669.96
[2025-08-27 08:25:28] INFO: ETH/USDT price: 4570.51
[2025-08-27 08:25:28] INFO: SOL/USDT price: 202.21
[2025-08-27 08:25:28] ERROR: AI predict error: AIManager.predict_series() got an unexpected keyword argument 'symbol'
[2025-08-27 08:25:32] INFO: BTC/USDT price: 110669.96
[2025-08-27 08:25:32] INFO: ETH/USDT price: 4570.51
[2025-08-27 08:25:32] INFO: SOL/USDT price: 202.21
[2025-08-27 08:25:32] ERROR: AI predict error: AIManager.predict_series() got an unexpected keyword argument 'symbol'
[2025-08-27 08:25:38] INFO: BTC/USDT price: 110669.96
[2025-08-27 08:25:38] INFO: ETH/USDT price: 4568.62
[2025-08-27 08:25:38] INFO: SOL/USDT price: 202.02
[2025-08-27 08:25:38] ERROR: AI predict error: AIManager.predict_series() got an unexpected keyword argument 'symbol'
[2025-08-27 08:25:42] INFO: BTC/USDT price: 110651.82
[2025-08-27 08:25:42] INFO: ETH/USDT price: 4568.62
[2025-08-27 08:25:42] INFO: SOL/USDT price: 202.02
[2025-08-27 08:25:42] ERROR: AI predict error: AIManager.predict_series() got an unexpected keyword argument 'symbol'
[2025-08-27 08:25:47] INFO: BTC/USDT price: 110651.82
[2025-08-27 08:25:47] INFO: ETH/USDT price: 4568.61
[2025-08-27 08:25:47] INFO: SOL/USDT price: 202.02
[2025-08-27 08:25:47] ERROR: AI predict error: AIManager.predict_series() got an unexpected keyword argument 'symbol'
[2025-08-27 08:25:52] INFO: BTC/USDT price: 110651.82
[2025-08-27 08:25:52] INFO: ETH/USDT price: 4567.59
[2025-08-27 08:25:52] INFO: SOL/USDT price: 202.02
[2025-08-27 08:25:52] ERROR: AI predict error: AIManager.predict_series() got an unexpected keyword argument 'symbol'
[2025-08-27 08:25:57] INFO: BTC/USDT price: 110633.79
[2025-08-27 08:25:57] INFO: ETH/USDT price: 4567.59
[2025-08-27 08:25:57] INFO: SOL/USDT price: 202.02
[2025-08-27 08:25:57] ERROR: AI predict error: AIManager.predict_series() got an unexpected keyword argument 'symbol'
[2025-08-27 08:26:02] INFO: BTC/USDT price: 110633.79
[2025-08-27 08:26:02] INFO: ETH/USDT price: 4567.58
[2025-08-27 08:26:02] INFO: SOL/USDT price: 202.02
[2025-08-27 08:26:02] ERROR: AI predict error: AIManager.predict_series() got an unexpected keyword argument 'symbol'
[2025-08-27 08:26:08] INFO: BTC/USDT price: 110633.79
[2025-08-27 08:26:08] INFO: ETH/USDT price: 4566.32
[2025-08-27 08:26:08] INFO: SOL/USDT price: 202.05
[2025-08-27 08:26:08] ERROR: AI predict error: AIManager.predict_series() got an unexpected keyword argument 'symbol'
[2025-08-27 08:26:13] INFO: BTC/USDT price: 110633.79
[2025-08-27 08:26:13] INFO: ETH/USDT price: 4566.32
[2025-08-27 08:26:13] INFO: SOL/USDT price: 202.05
[2025-08-27 08:26:13] ERROR: AI predict error: AIManager.predict_series() got an unexpected keyword argument 'symbol'
[2025-08-27 08:26:17] INFO: BTC/USDT price: 110633.79
[2025-08-27 08:26:17] INFO: ETH/USDT price: 4566.32
[2025-08-27 08:26:17] INFO: SOL/USDT price: 202.05
[2025-08-27 08:26:17] ERROR: AI predict error: AIManager.predict_series() got an unexpected keyword argument 'symbol'
[2025-08-27 08:26:23] INFO: BTC/USDT price: 110633.78
[2025-08-27 08:26:23] INFO: ETH/USDT price: 4567.69
[2025-08-27 08:26:23] INFO: SOL/USDT price: 202.05
[2025-08-27 08:26:23] ERROR: AI predict error: AIManager.predict_series() got an unexpected keyword argument 'symbol'
[2025-08-27 08:26:27] INFO: BTC/USDT price: 110633.78
[2025-08-27 08:26:27] INFO: ETH/USDT price: 4567.7
[2025-08-27 08:26:27] INFO: SOL/USDT price: 202.06
[2025-08-27 08:26:27] ERROR: AI predict error: AIManager.predict_series() got an unexpected keyword argument 'symbol'
[2025-08-27 08:26:33] INFO: BTC/USDT price: 110633.64
[2025-08-27 08:26:33] INFO: ETH/USDT price: 4567.7
[2025-08-27 08:26:33] INFO: SOL/USDT price: 202.06
[2025-08-27 08:26:33] ERROR: AI predict error: AIManager.predict_series() got an unexpected keyword argument 'symbol'
[2025-08-27 08:26:37] INFO: BTC/USDT price: 110633.64
[2025-08-27 08:26:37] INFO: ETH/USDT price: 4567.7
[2025-08-27 08:26:37] INFO: SOL/USDT price: 202.06
[2025-08-27 08:26:37] ERROR: AI predict error: AIManager.predict_series() got an unexpected keyword argument 'symbol'
[2025-08-27 08:26:43] INFO: BTC/USDT price: 110633.64
[2025-08-27 08:26:43] INFO: ETH/USDT price: 4567.7
[2025-08-27 08:26:43] INFO: SOL/USDT price: 202.04
[2025-08-27 08:26:43] ERROR: AI predict error: AIManager.predict_series() got an unexpected keyword argument 'symbol'
[2025-08-27 08:26:46] INFO: Stop requested
[2025-08-27 08:26:48] INFO: Stop requested
[2025-08-27 08:26:49] INFO: BTC/USDT price: 110641.98
[2025-08-27 08:26:49] INFO: ETH/USDT price: 4567.7
[2025-08-27 08:26:49] INFO: SOL/USDT price: 202.04
[2025-08-27 08:26:49] ERROR: AI predict error: AIManager.predict_series() got an unexpected keyword argument 'symbol'
[2025-08-27 08:26:49] INFO: Worker ended
[2025-08-27 08:27:05] INFO: AI training started
[2025-08-27 08:27:05] ERROR: AI training failed: AIManager.train_all_models() got an unexpected keyword argument 'symbol'
[2025-08-27 08:27:05] INFO: AI training finished
[2025-08-27 08:28:05] INFO: Stop requested
[2025-09-07 17:59:44] INFO: GUI ready
[2025-09-07 18:00:15] INFO: Loaded encrypted keys
[2025-09-07 18:00:31] INFO: Loading markets...
[2025-09-07 18:00:33] INFO: Symbols populated (423)
[2025-09-07 18:00:33] INFO: Loaded 423 USDT markets
[2025-09-07 18:00:36] INFO: Applied 3 symbols
[2025-09-07 18:00:38] INFO: Trading loop started
[2025-09-07 18:00:40] INFO: BTC/USDT price: 110946.04
[2025-09-07 18:00:40] INFO: ETH/USDT price: 4275.28
[2025-09-07 18:00:40] INFO: SOL/USDT price: 201.97
[2025-09-07 18:00:47] INFO: BTC/USDT price: 110946.04
[2025-09-07 18:00:47] INFO: ETH/USDT price: 4275.85
[2025-09-07 18:00:47] INFO: SOL/USDT price: 201.97
[2025-09-07 18:00:52] INFO: BTC/USDT price: 110946.04
[2025-09-07 18:00:52] INFO: ETH/USDT price: 4275.85
[2025-09-07 18:00:52] INFO: SOL/USDT price: 201.97
[2025-09-07 18:00:56] INFO: BTC/USDT price: 110946.03
[2025-09-07 18:00:56] INFO: ETH/USDT price: 4275.85
[2025-09-07 18:00:56] INFO: SOL/USDT price: 201.97
[2025-09-07 18:01:02] INFO: BTC/USDT price: 110946.04
[2025-09-07 18:01:02] INFO: ETH/USDT price: 4275.85
[2025-09-07 18:01:02] INFO: SOL/USDT price: 201.97
[2025-09-07 18:01:07] INFO: BTC/USDT price: 110946.03
[2025-09-07 18:01:07] INFO: ETH/USDT price: 4276.26
[2025-09-07 18:01:07] INFO: SOL/USDT price: 201.97
[2025-09-07 18:01:08] INFO: Stop requested
[2025-09-07 18:01:08] INFO: Worker ended
[2025-09-07 18:06:27] INFO: GUI ready
[2025-09-07 18:09:21] INFO: GUI ready
[2025-09-07 18:09:35] INFO: Loading markets...
[2025-09-07 18:09:37] INFO: Symbols populated (423)
[2025-09-07 18:09:37] INFO: Loaded 423 USDT markets
[2025-09-07 18:11:53] INFO: Loaded encrypted keys
[2025-09-07 18:13:03] INFO: Applied 1 symbols
[2025-09-07 18:13:14] INFO: Trading loop started
[2025-09-07 18:13:15] INFO: ETH/USDT price: 4279.56
[2025-09-07 18:13:21] INFO: ETH/USDT price: 4279.56
[2025-09-07 18:13:25] INFO: ETH/USDT price: 4279.56
[2025-09-07 18:13:30] INFO: ETH/USDT price: 4279.56
[2025-09-07 18:13:35] INFO: ETH/USDT price: 4279.56
[2025-09-07 18:13:40] INFO: ETH/USDT price: 4279.56
[2025-09-07 18:13:46] INFO: ETH/USDT price: 4279.2
[2025-09-07 18:13:51] INFO: ETH/USDT price: 4279.2
[2025-09-07 18:13:52] INFO: Stop requested
[2025-09-07 18:13:54] INFO: Worker ended
[2025-09-07 18:16:53] INFO: GUI ready
[2025-09-07 18:17:13] INFO: Loaded encrypted keys
[2025-09-07 18:17:15] INFO: Loading markets...
[2025-09-07 18:17:18] INFO: Symbols populated (423)
[2025-09-07 18:17:18] INFO: Loaded 423 USDT markets
[2025-09-07 18:17:24] INFO: Applied 1 symbols
[2025-09-07 18:22:30] INFO: GUI ready
[2025-09-07 18:22:46] INFO: Loaded encrypted keys
[2025-09-07 18:22:48] INFO: Loading markets...
[2025-09-07 18:22:50] INFO: Symbols populated (423)
[2025-09-07 18:22:50] INFO: Loaded 423 USDT markets
[2025-09-07 18:22:54] INFO: Applied 1 symbols
[2025-09-07 18:23:04] INFO: [Live] QUICK MARKET BUY ETH/USDT notional≈12.0 qty≈0.002805219579
[2025-09-07 18:23:04] ERROR: [Live] Błąd zlecenia: 'ExchangeManager' object has no attribute 'create_order'
[2025-09-07 18:23:17] INFO: [Live] QUICK MARKET BUY ETH/USDT notional≈12.0 qty≈0.002805219579
[2025-09-07 18:23:17] ERROR: [Live] Błąd zlecenia: 'ExchangeManager' object has no attribute 'create_order'
[2025-09-07 18:26:49] INFO: GUI ready
[2025-09-07 18:27:00] INFO: Loaded encrypted keys
[2025-09-07 18:27:02] INFO: Loading markets...
[2025-09-07 18:27:04] INFO: Symbols populated (423)
[2025-09-07 18:27:04] INFO: Loaded 423 USDT markets
[2025-09-07 18:27:07] INFO: Applied 1 symbols
[2025-09-07 18:27:18] INFO: [Live] QUICK MARKET BUY ETH/USDT notional≈12.0 qty≈0.002804288692
[2025-09-07 18:27:18] ERROR: [Live] Błąd zlecenia: Brak klienta CCXT w ExchangeManagerze (ex_mgr._client == None).
[2025-09-07 18:30:45] INFO: GUI ready
[2025-09-07 18:31:05] INFO: Loading markets...
[2025-09-07 18:31:08] INFO: Symbols populated (423)
[2025-09-07 18:31:08] INFO: Loaded 423 USDT markets
[2025-09-07 18:31:11] INFO: Applied 1 symbols
[2025-09-07 18:31:18] INFO: Loaded encrypted keys
[2025-09-07 18:32:28] INFO: Loaded encrypted keys
[2025-09-07 18:32:34] INFO: Applied 1 symbols
[2025-09-07 18:32:36] INFO: Trading loop started
[2025-09-07 18:32:37] INFO: ETH/USDT price: 4278.6
[2025-09-07 18:32:42] INFO: ETH/USDT price: 4277.94
[2025-09-07 18:32:47] INFO: Stop requested
[2025-09-07 18:32:47] INFO: ETH/USDT price: 4277.94
[2025-09-07 18:32:51] INFO: Worker ended
[2025-09-07 18:39:44] INFO: GUI ready
[2025-09-07 18:40:23] INFO: Loading markets...
[2025-09-07 18:40:25] INFO: Symbols populated (423)
[2025-09-07 18:40:25] INFO: Loaded 423 USDT markets
[2025-09-07 18:40:39] ERROR: Load keys error: Invalid password or corrupted key file
[2025-09-07 18:40:48] INFO: Loaded encrypted keys
[2025-09-07 18:40:51] INFO: Loading markets...
[2025-09-07 18:40:51] INFO: Symbols populated (423)
[2025-09-07 18:40:51] INFO: Loaded 423 USDT markets
[2025-09-07 18:40:54] INFO: Applied 1 symbols
[2025-09-07 18:40:57] INFO: Trading loop started
[2025-09-07 18:40:58] INFO: SOL/USDT price: 201.61
[2025-09-07 18:41:03] INFO: SOL/USDT price: 201.61
[2025-09-07 18:41:08] INFO: SOL/USDT price: 201.61
[2025-09-07 18:41:09] INFO: Stop requested
[2025-09-07 18:41:12] INFO: Worker ended
[2025-09-07 18:41:16] INFO: [Paper] MARKET BUY ETH/USDT qty=0.00280822 price=4273.17 (fee≈0.012)
[2025-09-07 18:41:24] INFO: [Paper] MARKET SELL ETH/USDT qty=0.00280891 price=4272.12 (fee≈0.012)
[2025-09-07 18:48:23] INFO: GUI ready
[2025-09-07 18:48:52] ERROR: Load keys error: Invalid password or corrupted key file
[2025-09-07 18:48:59] INFO: Loaded encrypted keys
[2025-09-07 18:49:02] INFO: Loading markets...
[2025-09-07 18:49:02] INFO: Symbols populated (423)
[2025-09-07 18:49:02] INFO: Loaded 423 USDT markets
[2025-09-07 18:49:06] INFO: Applied 1 symbols
[2025-09-07 18:49:24] INFO: [Paper] FILLED BUY ETH/USDT qty=0.00280539 @ 4277.48 (fee≈0.012)
[2025-09-07 18:50:20] INFO: [Paper] LIMIT BUY ETH/USDT qty=1.0 @ 12.0 (OPEN)
[2025-09-07 18:50:41] INFO: [Paper] Ustawiono SL/TP dla ETH/USDT: SL=None, TP=None
[2025-09-07 18:51:03] INFO: [Paper] Ustawiono SL/TP dla ETH/USDT: SL=12.0, TP=None
[2025-09-07 18:51:17] INFO: [Paper] Wyczyszczono SL/TP dla ETH/USDT
[2025-09-07 19:02:31] INFO: GUI ready
[2025-09-07 19:03:46] INFO: GUI ready
[2025-09-07 19:04:36] INFO: [Paper] Ustawiono SL/TP dla BTC/USDT: SL=110849.73016, TP=None
[2025-09-07 19:04:39] INFO: [Paper] Ustawiono Partial TP dla BTC/USDT: TP1={'price': 111516.81981, 'portion': 0.5, 'done': False}, TP2={'price': 111850.36962, 'portion': 0.5, 'done': False}
[2025-09-07 19:04:52] INFO: [Paper] Ustawiono Trailing dla BTC/USDT: activate=0.60%, trail=0.20%
[2025-09-07 19:05:08] INFO: [Paper] Ustawiono SL/TP dla ETH/USDT: SL=110849.73016, TP=None
[2025-09-07 19:05:10] INFO: [Paper] SL trigger ETH/USDT @ 4284.99 (SL=110849.73016) – zamykanie pozycji.
[2025-09-07 19:05:10] INFO: [Paper] FILLED SELL ETH/USDT qty=0.00280539 @ 4284.99 (fee≈0.01202107)
[2025-09-07 19:05:13] INFO: [Paper] Ustawiono Partial TP dla ETH/USDT: TP1={'price': 4297.84497, 'portion': 0.5, 'done': False}, TP2={'price': 4310.69994, 'portion': 0.5, 'done': False}
[2025-09-07 19:05:14] INFO: [Paper] Ustawiono Trailing dla ETH/USDT: activate=0.60%, trail=0.20%
[2025-09-07 19:05:18] INFO: [Paper] Ustawiono SL/TP dla ETH/USDT: SL=4272.13503, TP=None
[2025-09-07 19:05:18] INFO: [Paper] Ustawiono Partial TP dla ETH/USDT: TP1={'price': 4297.84497, 'portion': 0.5, 'done': False}, TP2={'price': 4310.69994, 'portion': 0.5, 'done': False}
[2025-09-07 19:05:18] INFO: [Paper] Ustawiono Trailing dla ETH/USDT: activate=0.60%, trail=0.20%
[2025-09-07 19:05:46] INFO: [Paper] FILLED BUY ETH/USDT qty=0.00280047 @ 4284.99 (fee≈0.01199999)
[2025-09-07 19:05:49] INFO: [Paper] LIMIT BUY ETH/USDT qty=1.0 @ 12.0 (OPEN)
[2025-09-07 19:06:21] INFO: Loading markets...
[2025-09-07 19:06:21] INFO: Symbols populated (423)
[2025-09-07 19:06:21] INFO: Loaded 423 USDT markets
[2025-09-07 19:06:24] INFO: Applied 1 symbols
[2025-09-07 19:07:48] INFO: [Paper] FILLED BUY ETH/USDT qty=0.00279978 @ 4286.05 (fee≈0.012)
[2025-09-07 19:08:37] INFO: Loaded encrypted keys
[2025-09-07 19:08:44] INFO: Applied 1 symbols
[2025-09-07 19:08:45] INFO: Trading loop started
[2025-09-07 19:08:46] INFO: ETH/USDT price: 4281.22
[2025-09-07 19:08:52] INFO: ETH/USDT price: 4281.22
[2025-09-07 19:08:56] INFO: ETH/USDT price: 4281.22
[2025-09-07 19:09:01] INFO: ETH/USDT price: 4280.01
[2025-09-07 19:09:07] INFO: [Paper] Ustawiono Trailing dla ETH/USDT: activate=0.80%, trail=0.30%
[2025-09-07 19:09:07] INFO: ETH/USDT price: 4280.01
[2025-09-07 19:09:10] INFO: [Paper] Ustawiono Partial TP dla ETH/USDT: TP1={'price': 4306.94753437, 'portion': 0.5, 'done': False}, TP2={'price': 4328.37513405, 'portion': 0.5, 'done': False}
[2025-09-07 19:09:10] INFO: [Paper] Ustawiono SL/TP dla ETH/USDT: SL=4264.09233503, TP=None
[2025-09-07 19:09:12] INFO: ETH/USDT price: 4280.01
[2025-09-07 19:09:16] INFO: ETH/USDT price: 4280.01
[2025-09-07 19:09:17] INFO: [Paper] Ustawiono SL/TP dla ETH/USDT: SL=4264.09233503, TP=None
[2025-09-07 19:09:17] INFO: [Paper] Ustawiono Partial TP dla ETH/USDT: TP1={'price': 4306.94753437, 'portion': 0.5, 'done': False}, TP2={'price': 4328.37513405, 'portion': 0.5, 'done': False}
[2025-09-07 19:09:17] INFO: [Paper] Ustawiono Trailing dla ETH/USDT: activate=0.80%, trail=0.30%
[2025-09-07 19:09:21] INFO: ETH/USDT price: 4280.01
[2025-09-07 19:09:28] INFO: ETH/USDT price: 4280.0
[2025-09-07 19:09:32] INFO: ETH/USDT price: 4280.0
[2025-09-07 19:09:36] INFO: ETH/USDT price: 4280.0
[2025-09-07 19:09:40] INFO: Stop requested
[2025-09-07 19:09:40] INFO: Worker ended
[2025-09-07 19:16:34] INFO: GUI ready
[2025-09-07 19:16:46] INFO: Loading markets...
[2025-09-07 19:16:47] INFO: Symbols populated (423)
[2025-09-07 19:16:47] INFO: Loaded 423 USDT markets
[2025-09-07 19:17:00] INFO: Loaded encrypted keys
[2025-09-07 19:17:04] INFO: Applied 1 symbols
[2025-09-07 19:17:27] INFO: [Paper] FILLED BUY ETH/USDT qty=0.00280346 @ 4280.42 (fee≈0.01199999)
[2025-09-07 19:17:57] INFO: [Paper] Ustawiono SL/TP dla ETH/USDT: SL=4270.96715138, TP=None
[2025-09-07 19:17:57] INFO: [Paper] Ustawiono Partial TP dla ETH/USDT: TP1={'price': 4296.67006302, 'portion': 0.5, 'done': False}, TP2={'price': 4309.52151884, 'portion': 0.5, 'done': False}
[2025-09-07 19:17:57] INFO: [Paper] Ustawiono Trailing dla ETH/USDT: activate=0.60%, trail=0.20%
[2025-09-07 19:19:01] INFO: [Paper] Ustawiono SL/TP dla ETH/USDT: SL=4270.96715138, TP=None
[2025-09-07 19:19:01] INFO: [Paper] Ustawiono Partial TP dla ETH/USDT: TP1={'price': 4296.67006302, 'portion': 0.5, 'done': False}, TP2={'price': 4309.52151884, 'portion': 0.5, 'done': False}
[2025-09-07 19:19:01] INFO: [Paper] Ustawiono Trailing dla ETH/USDT: activate=0.60%, trail=0.20%
[2025-09-07 19:27:38] INFO: GUI ready
[2025-09-07 19:29:53] INFO: Loading markets...
[2025-09-07 19:29:53] INFO: Symbols populated (423)
[2025-09-07 19:29:53] INFO: Loaded 423 USDT markets
[2025-09-07 19:29:56] INFO: Applied 1 symbols
[2025-09-07 19:30:07] INFO: Loaded encrypted keys
[2025-09-07 19:30:09] INFO: Loading markets...
[2025-09-07 19:30:09] INFO: Symbols populated (423)
[2025-09-07 19:30:09] INFO: Loaded 423 USDT markets
[2025-09-07 19:30:12] INFO: Applied 1 symbols
[2025-09-07 19:31:54] ERROR: [Paper] Kwota ograniczona do Kapitału (SPOT). Wymagane~20000.00 USDT, Kapitał=10000.00 USDT.
[2025-09-07 19:31:54] INFO: [Paper] Risk sizing: base=4283.8186072, SL%=0.500%, Risk=100.00 USDT → Kwota=10000.0 USDT
[2025-09-07 19:32:28] ERROR: [Paper] Kwota ograniczona do Kapitału (SPOT). Wymagane~20000.00 USDT, Kapitał=10000.00 USDT.
[2025-09-07 19:32:28] INFO: [Paper] Risk sizing: base=4283.8186072, SL%=0.500%, Risk=100.00 USDT → Kwota=10000.0 USDT
[2025-09-07 19:40:35] INFO: GUI ready
[2025-09-07 19:40:44] INFO: Loading markets...
[2025-09-07 19:40:44] INFO: Symbols populated (423)
[2025-09-07 19:40:44] INFO: Loaded 423 USDT markets
[2025-09-07 19:40:46] INFO: Applied 1 symbols
[2025-09-07 19:41:36] ERROR: [Paper] Kwota ograniczona do limitu pozycji 2000.00 USDT (max 20% kapitału). Wymagane~20000.00 USDT.
[2025-09-07 19:41:36] INFO: [Paper] Risk sizing: base=111293.98, SL%=0.500%, Risk=100.00 USDT → Kwota=2000.0 USDT
[2025-09-07 19:41:44] ERROR: [Paper] Kwota ograniczona do limitu pozycji 2000.00 USDT (max 20% kapitału). Wymagane~20000.00 USDT.
[2025-09-07 19:41:44] INFO: [Paper] Risk sizing: base=111293.98, SL%=0.500%, Risk=100.00 USDT → Kwota=2000.0 USDT
[2025-09-07 19:41:44] INFO: [Paper] FILLED BUY BTC/USDT qty=0.01797042 @ 111293.98 (fee≈1.99999956)
[2025-09-07 22:04:34] INFO: GUI ready
[2025-09-07 22:13:11] INFO: GUI ready
[2025-09-07 22:13:23] INFO: [Paper] [ATR][LONG] base=111293.98, ATR≈88.45466321, k_sl=1.5 → SL%≈0.119%.
[2025-09-07 22:13:23] ERROR: [Paper] Kwota ograniczona marginem: wymagany margin~8388.02 USDT > limit 2000.00 USDT (max 20% kapitału, lev x10.0).
[2025-09-07 22:13:23] INFO: [Paper] [FUTURES][LONG] Risk sizing: base=111293.98, SL%=0.119%, Risk=100.00 USDT → Kwota=20000.0 USDT
[2025-09-07 22:13:27] INFO: [Paper] [ATR][LONG] base=111293.98, ATR≈88.45466321, k_sl=1.5 → SL%≈0.119%.
[2025-09-07 22:13:27] ERROR: [Paper] Kwota ograniczona marginem: wymagany margin~8388.02 USDT > limit 2000.00 USDT (max 20% kapitału, lev x10.0).
[2025-09-07 22:13:27] INFO: [Paper] [FUTURES][LONG] Risk sizing: base=111293.98, SL%=0.119%, Risk=100.00 USDT → Kwota=20000.0 USDT
[2025-09-07 22:13:27] INFO: [Paper] FILLED BUY BTC/USDT qty=0.17988022 @ 111185.1 (fee≈20.00000025) [OPEN_LONG]
[2025-09-08 18:42:13] INFO: GUI ready
[2025-09-21 11:01:05] INFO: GUI ready
[2025-09-21 11:06:10] INFO: GUI ready
[2025-09-21 11:13:06] INFO: GUI ready
[2025-09-21 11:13:11] INFO: Auto-Trade: rynki załadowane (public).
[2025-09-21 11:13:34] INFO: GUI ready
[2025-09-21 11:13:38] INFO: Auto-Trade: rynki załadowane (public).
[2025-09-21 11:16:00] ERROR: Auto-Trade: błąd ładowania rynków: 'volume'
[2025-09-21 11:18:13] INFO: GUI ready
[2025-09-21 11:18:20] INFO: Auto-Trade: rynki załadowane (public).
[2025-09-21 11:18:58] INFO: Auto-Trade: WŁĄCZONE
[2025-09-21 11:19:09] INFO: Auto-Trade: WYŁĄCZONE
[2025-09-21 11:20:45] INFO: GUI ready
[2025-09-21 11:20:51] INFO: Auto-Trade: rynki załadowane (public).
[2025-09-21 11:21:09] INFO: Loaded encrypted keys
[2025-09-21 11:21:18] INFO: Auto-Trade: WŁĄCZONE
[2025-09-21 11:25:22] INFO: GUI ready
[2025-09-21 11:25:26] INFO: Auto-Trade: rynki załadowane (public).
[2025-09-21 11:25:31] INFO: Loaded encrypted keys
[2025-09-21 11:25:57] INFO: Auto-Trade: WŁĄCZONE
[2025-09-21 11:26:00] INFO: Auto-Trade: WYŁĄCZONE
[2025-09-21 11:26:00] INFO: Auto-Trade: WŁĄCZONE
[2025-09-21 11:26:36] INFO: Auto-Trade: WŁĄCZONE
[2025-09-21 11:32:44] INFO: GUI ready
[2025-09-21 11:32:49] INFO: Auto-Trade: rynki załadowane (public).
[2025-09-21 11:32:54] INFO: Loaded encrypted keys
[2025-09-21 11:34:22] INFO: Auto-Trade: WŁĄCZONE
[2025-09-21 13:35:53] INFO: GUI ready
[2025-09-21 13:53:57] INFO: GUI ready
[2025-09-21 14:17:27] INFO: GUI ready
[2025-09-21 14:30:54] INFO: GUI ready
[2025-09-21 14:31:25] INFO: Preset applied: paper_15m_trend
[2025-09-21 19:13:37] INFO: GUI ready
[2025-09-21 19:13:37] ERROR: Bridge exec error: ExchangeManager.__init__() got an unexpected keyword argument 'api_key'
[2025-09-21 19:14:05] INFO: Loaded encrypted keys
[2025-09-21 19:14:22] ERROR: Bridge exec error: ExchangeManager.__init__() got an unexpected keyword argument 'api_key'
[2025-09-21 19:15:24] INFO: GUI ready
[2025-09-21 19:33:22] INFO: GUI ready
[2025-09-21 19:45:17] INFO: GUI ready
[2025-09-21 21:14:23] INFO: GUI ready
[2025-09-21 21:39:06] INFO: GUI ready
[2025-09-21 21:39:27] INFO: Loaded encrypted keys
[2025-09-21 21:39:32] INFO: Loading markets...
[2025-09-21 21:39:32] ERROR: Market load error: ExchangeManager.__init__() got an unexpected keyword argument 'api_key'
[2025-09-21 21:39:35] INFO: Loading markets...
[2025-09-21 21:39:35] ERROR: Market load error: ExchangeManager.__init__() got an unexpected keyword argument 'api_key'
[2025-09-21 22:08:16] INFO: GUI ready
[2025-09-21 22:19:26] INFO: GUI ready
[2025-09-22 16:01:56] INFO: GUI ready
[2025-09-22 16:48:49] INFO: GUI ready
[2025-09-22 17:01:03] INFO: GUI ready
[2025-09-22 17:24:50] INFO: GUI ready
[2025-09-22 17:32:28] INFO: GUI ready
[2025-09-23 20:49:17] INFO: GUI ready
[2025-09-24 20:35:40] INFO: GUI ready
[2025-09-26 18:23:47,522] INFO KryptoLowca.managers.config_manager: ConfigManager: katalog presetów = C:\Users\kamil\Documents\GitHub\Dudzian\KryptoLowca\presets
